<?xml version='1.0' encoding='UTF-8'?>
<testsuite hostname="tsf-460-wpa-4-217.epfl.ch" name="constraints.ConcertsPlannerSuite" tests="9" errors="0" failures="0" time="0.039">
                     <properties>
[...]
</properties>
                     <testcase classname="constraints.ConcertsPlannerSuite" name="getAllSlots is implemented" time="0.005">
                                                 
                                               </testcase><testcase classname="constraints.ConcertsPlannerSuite" name="getAllSlots returns the correct slot when given only one band" time="0.0">
                                                 
                                               </testcase><testcase classname="constraints.ConcertsPlannerSuite" name="getAllSlots collects slots among several bands" time="0.0">
                                                 
                                               </testcase><testcase classname="constraints.ConcertsPlannerSuite" name="plan is implemented" time="0.014">
                                                 
                                               </testcase><testcase classname="constraints.ConcertsPlannerSuite" name="plan one band on one slot" time="0.001">
                                                 
                                               </testcase><testcase classname="constraints.ConcertsPlannerSuite" name="plan two bands on two slots with no choice" time="0.006">
                                                 
                                               </testcase><testcase classname="constraints.ConcertsPlannerSuite" name="plan two bands on two slots when one band can play in the two slots" time="0.003">
                                                 
                                               </testcase><testcase classname="constraints.ConcertsPlannerSuite" name="plan two bands on two slots when the bands can play in any slots" time="0.002">
                                                 
                                               </testcase><testcase classname="constraints.ConcertsPlannerSuite" name="planning three bands on two slots is impossible" time="0.008">
                                                 
                                               </testcase>
                     <system-out></system-out>
                     <system-err></system-err>
                   </testsuite>