<?xml version='1.0' encoding='UTF-8'?>
<testsuite hostname="tsf-460-wpa-4-217.epfl.ch" name="constraints.BalelecSuite" tests="13" errors="0" failures="0" time="0.28">
                     <properties>
[...]
</properties>
                     <testcase classname="constraints.BalelecSuite" name="countPositives is implemented" time="0.002">
                                                 
                                               </testcase><testcase classname="constraints.BalelecSuite" name="countPositiveBits of single bit" time="0.006">
                                                 
                                               </testcase><testcase classname="constraints.BalelecSuite" name="countPositiveBits is working" time="0.106">
                                                 
                                               </testcase><testcase classname="constraints.BalelecSuite" name="countPositiveBits of empty list counts 0" time="0.001">
                                                 
                                               </testcase><testcase classname="constraints.BalelecSuite" name="atMostMaxTrue works with one bit" time="0.012">
                                                 
                                               </testcase><testcase classname="constraints.BalelecSuite" name="atMostMaxTrue works with max of zero" time="0.003">
                                                 
                                               </testcase><testcase classname="constraints.BalelecSuite" name="atMostMaxTrue works on empty list" time="0.002">
                                                 
                                               </testcase><testcase classname="constraints.BalelecSuite" name="atMostMaxTrue works with constants" time="0.081">
                                                 
                                               </testcase><testcase classname="constraints.BalelecSuite" name="schedule is implemented" time="0.008">
                                                 
                                               </testcase><testcase classname="constraints.BalelecSuite" name="schedule is working with one volunteer and one task" time="0.008">
                                                 
                                               </testcase><testcase classname="constraints.BalelecSuite" name="schedule is working with two volunteers and two tasks" time="0.028">
                                                 
                                               </testcase><testcase classname="constraints.BalelecSuite" name="schedule volunteer to several tasks under max workload" time="0.009">
                                                 
                                               </testcase><testcase classname="constraints.BalelecSuite" name="schedule returns None on an impossible problem" time="0.014">
                                                 
                                               </testcase>
                     <system-out></system-out>
                     <system-err></system-err>
                   </testsuite>